app/build/intermediates/manifest_merge_blame_file/release/manifest-merger-blame-release-report.txt
1<?xml version="1.0" encoding="utf-8"?>
2<manifest xmlns:android="http://schemas.android.com/apk/res/android"
3    package="com.cahitkarahan.thekey"
4    android:versionCode="2"
5    android:versionName="1.01 first_prototype" >
6
7    <uses-sdk
8        android:minSdkVersion="26"
8-->src\main\AndroidManifest.xml
9        android:targetSdkVersion="34" />
9-->src\main\AndroidManifest.xml
10
11    <uses-permission android:name="android.permission.READ_EXTERNAL_STORAGE" />
11-->src\main\AndroidManifest.xml:5:2-77
11-->src\main\AndroidManifest.xml:5:19-74
12    <uses-permission android:name="android.permission.WRITE_EXTERNAL_STORAGE" />
12-->src\main\AndroidManifest.xml:6:2-78
12-->src\main\AndroidManifest.xml:6:19-75
13    <uses-permission android:name="android.permission.WRITE_EXTERNAL_STORAGE" />
13-->src\main\AndroidManifest.xml:6:2-78
13-->src\main\AndroidManifest.xml:6:19-75
14    <uses-permission android:name="android.permission.READ_EXTERNAL_STORAGE" />
14-->src\main\AndroidManifest.xml:5:2-77
14-->src\main\AndroidManifest.xml:5:19-74
15    <uses-permission android:name="android.permission.WRITE_MEDIA_STORAGE" />
15-->src\main\AndroidManifest.xml:9:2-75
15-->src\main\AndroidManifest.xml:9:19-72
16    <uses-permission android:name="android.permission.WRITE_EXTERNAL_STORAGE" />
16-->src\main\AndroidManifest.xml:6:2-78
16-->src\main\AndroidManifest.xml:6:19-75
17
18    <application
18-->src\main\AndroidManifest.xml:11:2-42:16
19        android:allowBackup="true"
19-->src\main\AndroidManifest.xml:12:3-29
20        android:appComponentFactory="androidx.core.app.CoreComponentFactory"
20-->[androidx.core:core:1.5.0] AndroidManifest.xml:24:18-86
21        android:extractNativeLibs="false"
22        android:icon="@drawable/app_icon"
22-->src\main\AndroidManifest.xml:13:3-36
23        android:label="@string/app_name"
23-->src\main\AndroidManifest.xml:14:3-35
24        android:requestLegacyExternalStorage="true"
24-->src\main\AndroidManifest.xml:15:3-46
25        android:theme="@style/AppTheme"
25-->src\main\AndroidManifest.xml:17:3-34
26        android:usesCleartextTraffic="true" >
26-->src\main\AndroidManifest.xml:16:3-38
27        <activity
27-->src\main\AndroidManifest.xml:18:3-23:43
28            android:name="com.cahitkarahan.thekey.MainActivity"
28-->src\main\AndroidManifest.xml:19:4-32
29            android:configChanges="orientation|screenSize|keyboardHidden|smallestScreenSize|screenLayout"
29-->src\main\AndroidManifest.xml:20:4-97
30            android:hardwareAccelerated="true"
30-->src\main\AndroidManifest.xml:21:4-38
31            android:screenOrientation="portrait"
31-->src\main\AndroidManifest.xml:23:4-40
32            android:supportsPictureInPicture="true" />
32-->src\main\AndroidManifest.xml:22:4-43
33        <activity
33-->src\main\AndroidManifest.xml:24:3-35:14
34            android:name="com.cahitkarahan.thekey.SplashActivity"
34-->src\main\AndroidManifest.xml:25:4-34
35            android:configChanges="orientation|screenSize|keyboardHidden|smallestScreenSize|screenLayout"
35-->src\main\AndroidManifest.xml:26:4-97
36            android:hardwareAccelerated="true"
36-->src\main\AndroidManifest.xml:27:4-38
37            android:screenOrientation="portrait"
37-->src\main\AndroidManifest.xml:30:4-40
38            android:supportsPictureInPicture="true"
38-->src\main\AndroidManifest.xml:28:4-43
39            android:theme="@style/AppTheme.FullScreen" >
39-->src\main\AndroidManifest.xml:29:4-46
40            <intent-filter>
40-->src\main\AndroidManifest.xml:31:4-34:20
41                <action android:name="android.intent.action.MAIN" />
41-->src\main\AndroidManifest.xml:32:5-57
41-->src\main\AndroidManifest.xml:32:13-54
42
43                <category android:name="android.intent.category.LAUNCHER" />
43-->src\main\AndroidManifest.xml:33:5-65
43-->src\main\AndroidManifest.xml:33:15-62
44            </intent-filter>
45        </activity>
46        <activity
46-->src\main\AndroidManifest.xml:36:3-38:43
47            android:name="com.cahitkarahan.thekey.DebugActivity"
47-->src\main\AndroidManifest.xml:37:4-33
48            android:screenOrientation="portrait" />
48-->src\main\AndroidManifest.xml:38:4-40
49
50        <uses-library
50-->src\main\AndroidManifest.xml:39:3-41:31
51            android:name="org.apache.http.legacy"
51-->src\main\AndroidManifest.xml:40:4-41
52            android:required="false" />
52-->src\main\AndroidManifest.xml:41:4-28
53    </application>
54
55</manifest>